[2022-12-26 00:22:46] [info]  [ 1776] Apache Commons Daemon procrun (1.2.0.0 64-bit) started.
[2022-12-26 00:22:46] [info]  [ 1776] Installing service 'neo4j' name 'Neo4j Graph Database - neo4j'.
[2022-12-26 00:22:46] [info]  [ 1776] Service 'neo4j' installed.
[2022-12-26 00:22:46] [info]  [ 1776] Apache Commons Daemon procrun finished.
[2022-12-26 00:22:56] [info]  [ 5468] Apache Commons Daemon procrun (1.2.0.0 64-bit) started.
[2022-12-26 00:22:56] [info]  [ 5468] Starting service 'neo4j'...
[2022-12-26 00:22:56] [info]  [ 4332] Apache Commons Daemon procrun (1.2.0.0 64-bit) started.
[2022-12-26 00:22:56] [info]  [ 4332] Running Service 'neo4j'...
[2022-12-26 00:22:56] [info]  [ 4076] Starting service...
[2022-12-26 00:22:57] [info]  [ 4076] Service started in 1276 milliseconds.
[2022-12-26 00:22:59] [info]  [ 5468] Started service 'neo4j'.
[2022-12-26 00:22:59] [info]  [ 5468] Finished starting service 'neo4j', returning 1.
[2022-12-26 00:22:59] [info]  [ 5468] Apache Commons Daemon procrun finished.
[2022-12-26 00:27:26] [info]  [ 5268] Console SHUTDOWN event signaled.
[2022-12-26 00:27:26] [info]  [ 5268] Stopping service...
[2022-12-26 00:28:05] [info]  [ 2692] Apache Commons Daemon procrun (1.2.0.0 64-bit) started.
[2022-12-26 00:28:05] [info]  [ 2692] Running Service 'neo4j'...
[2022-12-26 00:28:05] [info]  [ 3268] Starting service...
[2022-12-26 00:28:19] [info]  [ 3268] Service started in 14035 milliseconds.
[2022-12-26 00:28:41] [info]  [ 4984] Console SHUTDOWN event signaled.
[2022-12-26 00:28:41] [info]  [ 4984] Stopping service...
[2022-12-26 00:29:03] [info]  [ 3176] Apache Commons Daemon procrun (1.2.0.0 64-bit) started.
[2022-12-26 00:29:03] [info]  [ 3176] Running Service 'neo4j'...
[2022-12-26 00:29:03] [info]  [ 3648] Starting service...
[2022-12-26 00:29:06] [info]  [ 3648] Service started in 2855 milliseconds.
[2022-12-26 00:29:44] [info]  [ 5240] Console SHUTDOWN event signaled.
[2022-12-26 00:29:44] [info]  [ 5240] Stopping service...
[2022-12-26 01:47:09] [info]  [ 3140] Apache Commons Daemon procrun (1.2.0.0 64-bit) started.
[2022-12-26 01:47:10] [info]  [ 3140] Running Service 'neo4j'...
[2022-12-26 01:47:10] [info]  [ 3800] Starting service...
[2022-12-26 01:47:13] [info]  [ 3800] Service started in 2958 milliseconds.
